2020-02-02 14:40:07 [info]: (class-import):开课导入成功
2020-02-02 14:45:40 [error]: (class-id2detail):server-user访问失败
2020-02-02 14:46:05 [error]: (class-id2detail):server-user访问失败
2020-02-02 14:46:16 [error]: (class-id2detail):server-user访问失败
2020-02-02 14:47:00 [error]: (class-id2detail):server-user访问失败
2020-02-02 14:47:26 [error]: (class-id2detail):server-user访问失败
2020-02-02 14:48:09 [error]: (class-id2detail):server-user访问失败
2020-02-02 14:48:27 [error]: (class-id2detail):server-user访问失败
2020-02-02 14:49:20 [error]: (class-id2detail):server-user访问失败
2020-02-02 14:49:38 [error]: (class-id2detail):server-user访问失败
2020-02-02 14:49:49 [error]: (class-id2detail):server-user访问失败
2020-02-02 14:49:58 [error]: (class-id2detail):server-user访问失败
2020-02-02 14:50:22 [error]: (class-id2detail):server-user访问失败
2020-02-02 15:11:19 [info]: (class-edit):2172开课信息修改成功
2020-02-02 15:11:38 [info]: (class-img):图片上传成功！
2020-02-02 15:12:42 [info]: (class-img):图片上传成功！
2020-02-02 15:14:06 [info]: (class-img):图片上传成功！
2020-02-02 15:14:55 [info]: (class-img):图片上传成功！
2020-02-02 15:17:28 [info]: (class-edit):2554开课信息修改成功
2020-02-03 13:43:21 [info]: (class-import):开课导入成功
2020-02-03 13:55:03 [info]: (class-delete):2302开课删除成功
2020-02-03 14:56:58 [error]: (course-setControll):ER_BAD_FIELD_ERROR: Unknown column 'main' in 'where clause'
2020-02-03 14:57:30 [info]: (course-setControll):2016-2017-1学年成绩登记设置成功
2020-02-03 17:22:24 [info]: (course-edit):undefined学生undefined课程成绩undefined录入成功
2020-02-03 17:24:08 [info]: (course-edit):31601077学生2554课程成绩100录入成功
2020-02-03 18:09:04 [info]: (course-edit):31601077学生2554课程成绩100.0录入成功
2020-02-03 18:09:13 [info]: (course-edit):31601076学生2554课程成绩95.5录入成功
2020-02-03 18:09:13 [info]: (course-edit):31601076学生2554课程成绩95.5录入成功
2020-02-03 18:09:34 [info]: (course-edit):31601075学生2554课程成绩75录入成功
2020-02-03 18:10:02 [info]: (course-edit):31601075学生2554课程成绩75.66录入成功
2020-02-03 18:11:01 [info]: (course-edit):31601075学生2554课程成绩76录入成功
2020-02-03 18:13:55 [info]: (course-edit):31601075学生2554课程成绩66录入成功
2020-02-03 18:13:57 [info]: (course-edit):31601076学生2554课程成绩77录入成功
2020-02-03 18:14:09 [info]: (course-edit):31601077学生2554课程成绩88.5录入成功
2020-02-03 18:14:46 [info]: (course-edit):31601075学生2554课程成绩66.0录入成功
2020-02-03 18:14:47 [info]: (course-edit):31601076学生2554课程成绩77.0录入成功
2020-02-03 18:14:48 [info]: (course-edit):31601077学生2554课程成绩88.5录入成功
2020-02-05 14:10:38 [error]: (course-scheduleImport):server-user访问失败
2020-02-05 14:11:52 [error]: (course-scheduleImport):server-user访问失败
2020-02-05 14:12:31 [error]: (course-scheduleImport):server-user访问失败
2020-02-05 14:16:54 [info]: (grade-edit):31601077学生2554课程成绩87录入成功
2020-02-05 14:36:40 [info]: (class-img):图片上传成功！
2020-02-05 14:57:55 [error]: (grade-import):row is not defined
2020-02-05 14:58:44 [error]: (grade-import):31601076学生的成绩不为整数或一位小数，请重新检查文件内容
2020-02-05 14:59:38 [error]: (grade-import):31601076学生的成绩不为整数或一位小数，请重新检查文件内容
2020-02-05 15:00:00 [error]: (grade-import):ER_PARSE_ERROR: You have an error in your SQL syntax; check the manual that corresponds to your MySQL server version for the right syntax to use near '31601076 then 68when 31601075 then 76.5 end where classid = 2554' at line 1
2020-02-05 15:00:53 [info]: (grade-import):2554成绩导入成功
2020-02-05 15:01:19 [info]: (grade-import):2554成绩导入成功
2020-02-05 15:01:52 [error]: (grade-import):ER_PARSE_ERROR: You have an error in your SQL syntax; check the manual that corresponds to your MySQL server version for the right syntax to use near 'end where classid = 2554' at line 1
2020-02-05 15:02:41 [error]: (grade-import):文件内容为空，请重新检查文件内容
2020-02-05 15:03:03 [info]: (grade-import):2554成绩导入成功
2020-02-05 15:03:50 [info]: (grade-import):2554成绩导入成功
2020-02-05 15:07:39 [info]: (grade-edit):31601075学生2554课程成绩66录入成功
2020-02-05 15:16:27 [info]: (grade-edit):31601075学生2554课程成绩0录入成功
2020-02-05 15:16:33 [info]: (grade-edit):31601076学生2554课程成绩88录入成功
2020-02-05 15:16:38 [info]: (grade-edit):31601076学生2554课程成绩66录入成功
2020-02-05 15:16:40 [info]: (grade-edit):31601077学生2554课程成绩75录入成功
2020-02-05 15:17:14 [info]: (grade-import):2554成绩导入成功
2020-02-06 14:22:42 [info]: (grade-edit):31601077学生2505课程成绩100录入成功
2020-02-06 14:24:33 [info]: (grade-edit):31601077学生2553课程成绩78录入成功
2020-02-06 14:25:01 [info]: (grade-edit):31601077学生2628课程成绩85录入成功
2020-02-06 14:25:31 [info]: (class-img):图片上传成功！
2020-02-06 14:28:33 [info]: (class-edit):2246开课信息修改成功
2020-02-06 14:29:01 [info]: (class-img):图片上传成功！
2020-02-06 14:30:51 [info]: (class-edit):2628开课信息修改成功
2020-02-06 14:31:42 [info]: (grade-edit):31601077学生2636课程成绩79录入成功
2020-02-06 14:31:45 [info]: (grade-edit):31601077学生2636课程成绩79.5录入成功
2020-02-06 15:16:53 [info]: (grade-edit):31601077学生2556课程成绩84.5录入成功
2020-02-06 15:17:48 [info]: (grade-edit):31601077学生2546课程成绩92录入成功
2020-02-06 15:18:47 [info]: (grade-edit):31601077学生2656课程成绩74录入成功
2020-02-06 15:28:19 [info]: (grade-edit):31601077学生2696课程成绩100录入成功
2020-02-09 13:44:47 [info]: (class-delete):2553开课删除成功
2020-02-11 13:05:21 [info]: (course-add):课程添加成功
2020-02-11 13:06:09 [info]: (course-scheduleAdd):课程计划添加成功
2020-02-11 13:06:17 [info]: (course-scheduleDelete):课程计划删除成功
2020-02-11 13:06:50 [info]: (class-import):开课导入成功
2020-02-11 13:07:32 [info]: (class-add):课程添加成功
2020-02-11 13:09:08 [info]: (class-img):图片上传成功！
2020-02-11 13:09:23 [info]: (class-edit):3009开课信息修改成功
2020-02-11 13:15:06 [info]: (grade-setControll):2019-2020-2学年成绩登记设置成功
2020-02-11 13:16:16 [info]: (grade-edit):31601077学生3009课程成绩85.5录入成功
2020-02-11 13:16:27 [info]: (grade-edit):31601077学生3009课程成绩85.5录入成功
2020-02-11 17:17:52 [info]: (course-add):课程添加成功
