2020-01-29 15:37:02 [error]: (select-select):31601077选课1407失败，时间冲突
2020-01-29 15:50:20 [error]: (select-list):数据库访问失败，请稍后再试...
2020-01-29 15:50:51 [error]: (select-list):数据库访问失败，请稍后再试...
2020-01-29 17:07:15 [error]: (select-select):31601077选课1406失败
2020-01-29 17:08:15 [error]: (select-select):31601077选课1406失败
2020-01-29 17:09:06 [error]: (select-select):31601077选课1406失败
2020-01-29 17:09:42 [error]: (select-select):31601077选课1406失败
2020-01-29 17:09:58 [error]: (select-select):31601077选课1406失败
2020-01-29 17:10:18 [error]: (select-select):31601077选课1406失败
2020-01-29 17:10:36 [error]: (select-select):31601077选课1406失败
2020-01-29 17:10:57 [error]: (select-select):31601077选课1406失败
2020-01-29 17:11:58 [error]: (select-select):31601077选课1406失败
2020-01-29 17:12:19 [error]: (select-select):31601077选课1406失败
2020-01-29 17:12:30 [error]: (select-select):31601077选课1406失败
2020-01-29 17:12:40 [error]: (select-select):31601077选课1406失败
2020-01-29 17:13:05 [error]: (select-select):31601077选课1406失败
2020-01-29 17:13:39 [error]: (select-select):31601077选课1406失败
2020-01-29 17:14:24 [error]: (select-select):31601077选课1406失败
2020-01-29 17:14:56 [error]: (select-select):31601077选课1406失败
2020-01-29 17:15:24 [error]: (select-select):31601077选课1406失败
2020-01-30 15:05:14 [error]: (select-waiting):ReferenceError: F is not defined
2020-01-30 17:52:43 [error]: (select-select):ReferenceError: courseid is not defined
2020-01-30 17:53:31 [error]: (select-select):ReferenceError: courseid is not defined
2020-01-30 17:53:46 [error]: (select-select):ReferenceError: courseid is not defined
2020-01-30 17:54:36 [error]: (select-selectLimit):ReferenceError: courseid is not defined
2020-01-30 17:59:09 [error]: (select-selectLimit):31601077选课1779失败
2020-01-30 18:00:16 [error]: (select-selectLimit):31601077选课1779失败
2020-01-30 18:04:28 [error]: (select-selectLimit):31601077选课1779失败
2020-02-01 16:04:46 [error]: (selectControll-drawlots):TypeError: Promise.all is not a constructor
2020-02-01 16:49:34 [error]: (selectControll-drawlots):数据库访问失败，请稍后再试...
2020-02-01 16:50:00 [error]: (selectControll-drawlots):数据库访问失败，请稍后再试...
2020-02-01 16:50:34 [error]: (selectControll-drawlots):数据库访问失败，请稍后再试...
2020-02-01 16:51:37 [error]: (selectControll-drawlots):数据库访问失败，请稍后再试...
2020-02-01 16:51:57 [error]: (selectControll-drawlots):数据库访问失败，请稍后再试...
2020-02-01 16:52:30 [error]: (selectControll-drawlots):数据库访问失败，请稍后再试...
2020-02-01 16:52:56 [error]: (selectControll-drawlots):数据库访问失败，请稍后再试...
2020-02-01 16:53:23 [error]: (selectControll-drawlots):数据库访问失败，请稍后再试...
2020-02-01 16:53:34 [error]: (selectControll-drawlots):数据库访问失败，请稍后再试...
2020-02-01 16:58:07 [error]: (select-selectLimit):31601076选课2135失败
2020-02-01 17:08:11 [error]: (select-selectLimit):31601076选课2124失败
