2020-01-29 15:21:17 [info]: (select-select):31601077选课1395成功
2020-01-29 15:37:02 [error]: (select-select):31601077选课1407失败，时间冲突
2020-01-29 15:38:15 [info]: (select-delete):31601077退课1395成功
2020-01-29 15:42:17 [info]: (select-select):31601077选课1396成功
2020-01-29 15:42:22 [info]: (select-delete):31601077退课1396成功
2020-01-29 15:43:50 [info]: (select-select):31601077选课1396成功
2020-01-29 15:43:54 [info]: (select-delete):31601077退课1396成功
2020-01-29 15:50:20 [error]: (select-list):数据库访问失败，请稍后再试...
2020-01-29 15:50:51 [error]: (select-list):数据库访问失败，请稍后再试...
2020-01-29 15:52:05 [info]: (select-select):31601077选课1358成功
2020-01-29 15:54:43 [info]: (select-delete):31601077退课1358成功
2020-01-29 15:54:57 [info]: (select-select):31601077选课1358成功
2020-01-29 16:00:00 [info]: (select-delete):31601077退课1358成功
2020-01-29 16:01:02 [info]: (select-select):31601077选课1358成功
2020-01-29 16:01:07 [info]: (select-select):31601077选课1396成功
2020-01-29 16:13:52 [info]: (select-select):31601077选课1477成功
2020-01-29 16:40:58 [info]: (select-select):31601077选课1496成功
2020-01-29 16:41:32 [info]: (select-select):31601077选课1433成功
2020-01-29 16:44:16 [info]: (select-select):31601077选课1414成功
2020-01-29 17:07:15 [error]: (select-select):31601077选课1406失败
2020-01-29 17:08:15 [error]: (select-select):31601077选课1406失败
2020-01-29 17:09:03 [info]: (select-delete):31601077退课1406成功
2020-01-29 17:09:06 [error]: (select-select):31601077选课1406失败
2020-01-29 17:09:42 [info]: (select-delete):31601077退课1406成功
2020-01-29 17:09:42 [error]: (select-select):31601077选课1406失败
2020-01-29 17:09:58 [info]: (select-delete):31601077退课1406成功
2020-01-29 17:09:58 [error]: (select-select):31601077选课1406失败
2020-01-29 17:10:17 [info]: (select-delete):31601077退课1406成功
2020-01-29 17:10:18 [error]: (select-select):31601077选课1406失败
2020-01-29 17:10:36 [info]: (select-delete):31601077退课1406成功
2020-01-29 17:10:36 [error]: (select-select):31601077选课1406失败
2020-01-29 17:10:56 [info]: (select-delete):31601077退课1406成功
2020-01-29 17:10:57 [error]: (select-select):31601077选课1406失败
2020-01-29 17:11:35 [info]: (select-select):31601077选课1358成功
2020-01-29 17:11:58 [error]: (select-select):31601077选课1406失败
2020-01-29 17:12:19 [info]: (select-delete):31601077退课1406成功
2020-01-29 17:12:19 [error]: (select-select):31601077选课1406失败
2020-01-29 17:12:30 [info]: (select-delete):31601077退课1406成功
2020-01-29 17:12:30 [error]: (select-select):31601077选课1406失败
2020-01-29 17:12:40 [info]: (select-delete):31601077退课1406成功
2020-01-29 17:12:40 [error]: (select-select):31601077选课1406失败
2020-01-29 17:13:05 [info]: (select-delete):31601077退课1406成功
2020-01-29 17:13:05 [error]: (select-select):31601077选课1406失败
2020-01-29 17:13:38 [info]: (select-delete):31601077退课1406成功
2020-01-29 17:13:39 [error]: (select-select):31601077选课1406失败
2020-01-29 17:14:23 [info]: (select-delete):31601077退课1406成功
2020-01-29 17:14:24 [error]: (select-select):31601077选课1406失败
2020-01-29 17:14:55 [info]: (select-delete):31601077退课1406成功
2020-01-29 17:14:56 [error]: (select-select):31601077选课1406失败
2020-01-29 17:15:24 [info]: (select-delete):31601077退课1406成功
2020-01-29 17:15:24 [error]: (select-select):31601077选课1406失败
2020-01-29 17:15:53 [info]: (select-delete):31601077退课1406成功
2020-01-29 17:15:54 [info]: (select-select):31601077选课1406成功
2020-01-29 17:21:56 [info]: (select-delete):31601077退课1741成功
2020-01-29 17:22:53 [info]: (select-select):31601077选课1741成功
2020-01-29 17:23:03 [info]: (select-select):31601077选课1789成功
