2020-01-02 18:47:13 [error]: (school-classImport):ER_PARSE_ERROR: You have an error in your SQL syntax; check the manual that corresponds to your MySQL server version for the right syntax to use near 'J02039,"J02005,"J05007)' at line 1
2020-01-02 18:57:31 [error]: (school-classImport):ER_PARSE_ERROR: You have an error in your SQL syntax; check the manual that corresponds to your MySQL server version for the right syntax to use near 'J02039,"J02005,"J05007)' at line 1
2020-01-02 19:06:01 [info]: (notify-add):通知添加成功
2020-01-02 19:06:12 [info]: (notify-edit):通知修改成功
2020-01-02 19:06:26 [info]: (notify-edit):通知修改成功
2020-01-02 19:18:39 [info]: (user-import):用户导入成功
2020-01-02 19:19:02 [error]: (user-import):格式错误，请重新检查文件内容是否符合要求！
2020-01-02 19:19:45 [info]: (user-import):用户导入成功
2020-01-02 19:20:43 [info]: (user-import):用户导入成功
2020-01-02 19:20:55 [info]: (user-import):用户导入成功
2020-01-02 19:27:52 [error]: (user-password):ER_PARSE_ERROR: You have an error in your SQL syntax; check the manual that corresponds to your MySQL server version for the right syntax to use near 'updat teacher set password = '$2a$10$5pLRBdb7J3hfPcEZ651mH.hRf7bpg1XjbHmTvLkNXKt' at line 1
2020-01-02 19:28:23 [error]: (user-password):myfunction is not defined
2020-01-02 19:28:23 [info]: (user-password):密码修改成功
2020-01-02 19:29:10 [info]: (user-password):密码修改成功
2020-01-02 19:29:35 [error]: (user-password):myfunction is not defined
2020-01-02 19:29:36 [info]: (user-password):密码修改成功
2020-01-02 19:33:58 [info]: (notify-add):通知添加成功
2020-01-02 19:34:10 [info]: (notify-edit):通知修改成功
2020-01-02 19:34:32 [info]: (notify-add):通知添加成功
2020-01-02 19:34:40 [info]: (notify-delete):通知删除成功
2020-01-02 19:35:20 [info]: (user-import):用户导入成功
2020-01-02 19:35:58 [info]: (user-import):用户导入成功
2020-01-02 19:36:19 [info]: (user-delete):用户删除成功
2020-01-02 19:45:43 [info]: (user-password):密码修改成功
2020-01-02 19:46:04 [info]: (user-password):密码修改成功
